# Server version 0.08 running on GOLDEN.gateway.2wire.net:8123
# Game ID: 82
# Board class: halma.CCBoard
# Timeout: 300000
# Date: Mon Apr 07 13:36:09 EDT 2014
# Player 1: Player-0, 's260520039Player', running on 127.0.0.1
# Player 2: Player-1, 'random', running on GOLDEN.gateway.2wire.net
# Player 3: Player-2, 'Human', running on GOLDEN.gateway.2wire.net
# Player 4: Player-3, 'Human', running on GOLDEN.gateway.2wire.net
START Player-0 s260520039Player
START Player-1 random
START Player-2 Human
START Player-3 Human
0 (2,2) (3,3)
1 (14,3) (14,4)
2 (2,13) (3,12)
3 (13,13) (12,12)
0 (0,0) (2,2)
0 (2,2) (4,4)
0 null null
1 (15,2) (15,4)
1 null null
2 (1,13) (2,13)
3 (14,13) (13,13)
0 (0,1) (2,3)
0 (2,3) (4,3)
0 null null
1 (14,0) (12,2)
1 (12,2) (14,0)
1 (14,0) (12,2)
1 null null
GAMEOVER DISCONNECTION Player-0
WINNER Player-1
# Game ended: Mon Apr 07 13:37:28 EDT 2014
