# Server version 0.08 running on GOLDEN.gateway.2wire.net:8123
# Game ID: 129
# Board class: halma.CCBoard
# Timeout: 1000
# Date: Mon Apr 07 20:29:41 EDT 2014
# Player 1: Player-0, 's260520039Player', running on 127.0.0.1
# Player 2: Player-1, 'random', running on GOLDEN.gateway.2wire.net
# Player 3: Player-2, 'random', running on GOLDEN.gateway.2wire.net
# Player 4: Player-3, 'random', running on GOLDEN.gateway.2wire.net
START Player-0 s260520039Player
START Player-1 random
START Player-2 random
START Player-3 random
0 (2,2) (3,3)
1 (12,1) (12,2)
2 (1,12) (2,11)
3 (13,14) (11,14)
3 null null
0 (0,0) (2,2)
0 (2,2) (4,4)
0 null null
1 (13,2) (12,3)
2 (2,13) (1,12)
3 (11,14) (10,15)
0 (0,3) (2,3)
0 (2,3) (4,3)
0 (4,3) (4,5)
0 null null
1 (14,3) (14,4)
2 (1,12) (2,13)
3 (10,15) (11,14)
0 (3,1) (3,2)
1 (14,4) (13,4)
2 (2,11) (3,11)
3 (12,15) (11,15)
0 (3,2) (3,4)
0 (3,4) (5,4)
0 null null
1 (13,4) (11,2)
1 null null
2 (3,11) (4,11)
3 (11,15) (10,14)
0 (0,1) (2,3)
0 (2,3) (4,3)
0 (4,3) (6,5)
0 null null
1 (12,0) (11,0)
2 (4,11) (3,11)
3 (11,14) (12,15)
GAMEOVER TIMEOUT Player-0
WINNER Player-1
# Game ended: Mon Apr 07 20:29:43 EDT 2014
