# Server version 0.08 running on GOLDEN.gateway.2wire.net:8123
# Game ID: 54
# Board class: halma.CCBoard
# Timeout: 300000
# Date: Mon Apr 07 11:35:14 EDT 2014
# Player 1: Player-0, 's260520039Player', running on 127.0.0.1
# Player 2: Player-1, 'random', running on GOLDEN.gateway.2wire.net
# Player 3: Player-2, 'random', running on GOLDEN.gateway.2wire.net
# Player 4: Player-3, 'random', running on GOLDEN.gateway.2wire.net
START Player-0 s260520039Player
START Player-1 random
START Player-2 random
START Player-3 random
0 (2,2) (3,3)
1 (12,1) (11,1)
2 (3,14) (4,13)
3 (13,13) (13,12)
0 (0,0) (2,2)
0 (2,2) (4,4)
0 null null
1 (14,3) (14,4)
2 (1,15) (3,13)
2 (3,13) (5,13)
2 null null
3 (13,14) (12,13)
