# Server version 0.08 running on GOLDEN.gateway.2wire.net:8123
# Game ID: 16
# Board class: halma.CCBoard
# Timeout: 300000
# Date: Sat Apr 05 19:48:09 EDT 2014
# Player 1: Player-0, 's260520039Player', running on 127.0.0.1
# Player 2: Player-1, 'random', running on GOLDEN.gateway.2wire.net
# Player 3: Player-2, 'random', running on GOLDEN.gateway.2wire.net
# Player 4: Player-3, 'random', running on GOLDEN.gateway.2wire.net
START Player-0 s260520039Player
START Player-1 random
START Player-2 random
START Player-3 random
0 (2,2) (3,3)
1 (12,1) (12,2)
2 (3,14) (3,13)
3 (12,14) (11,15)
0 (0,0) (2,2)
0 (2,2) (4,4)
0 null null
1 (15,3) (14,4)
2 (2,14) (4,12)
2 (4,12) (2,14)
2 null null
3 (14,13) (14,11)
3 null null
GAMEOVER ILLEGAL MOVE: Player 0 move from (C,3) to (D,4)
WINNER Player-1
# Game ended: Sat Apr 05 19:48:09 EDT 2014
