# Server version 0.08 running on GOLDEN.gateway.2wire.net:8123
# Game ID: 86
# Board class: halma.CCBoard
# Timeout: 300000
# Date: Mon Apr 07 13:43:37 EDT 2014
# Player 1: Player-0, 's260520039Player', running on 127.0.0.1
# Player 2: Player-1, 'Human', running on GOLDEN.gateway.2wire.net
# Player 3: Player-2, 'random', running on GOLDEN.gateway.2wire.net
# Player 4: Player-3, 'random', running on GOLDEN.gateway.2wire.net
START Player-0 s260520039Player
START Player-1 Human
START Player-2 random
START Player-3 random
0 (2,2) (3,3)
1 (13,2) (12,3)
2 (1,13) (3,13)
2 (3,13) (1,13)
2 null null
3 (14,12) (14,11)
0 (0,0) (2,2)
0 (2,2) (4,4)
0 null null
1 (14,2) (13,2)
2 (2,13) (3,12)
3 (15,12) (14,12)
0 (0,2) (2,4)
0 null null
GAMEOVER DISCONNECTION Player-0
WINNER Player-1
# Game ended: Mon Apr 07 13:47:54 EDT 2014
