# Server version 0.08 running on GOLDEN.gateway.2wire.net:8123
# Game ID: 18
# Board class: halma.CCBoard
# Timeout: 300000
# Date: Sat Apr 05 19:52:14 EDT 2014
# Player 1: Player-0, 's260520039Player', running on 127.0.0.1
# Player 2: Player-1, 'random', running on GOLDEN.gateway.2wire.net
# Player 3: Player-2, 'random', running on GOLDEN.gateway.2wire.net
# Player 4: Player-3, 'random', running on GOLDEN.gateway.2wire.net
START Player-0 s260520039Player
START Player-1 random
START Player-2 random
START Player-3 random
0 (2,2) (3,3)
1 (14,3) (13,3)
2 (3,15) (4,15)
3 (14,13) (14,11)
3 null null
0 (0,0) (2,2)
0 (2,2) (4,4)
0 null null
1 (14,2) (12,4)
1 (12,4) (14,2)
1 (14,2) (12,2)
1 (12,2) (14,4)
1 (14,4) (12,2)
1 (12,2) (14,2)
1 (14,2) (12,4)
1 (12,4) (14,2)
1 null null
2 (4,15) (5,14)
3 (12,14) (11,15)
