# Server version 0.08 running on GOLDEN.gateway.2wire.net:8123
# Game ID: 22
# Board class: halma.CCBoard
# Timeout: 300000
# Date: Sat Apr 05 20:05:45 EDT 2014
# Player 1: Player-0, 's260520039Player', running on 127.0.0.1
# Player 2: Player-1, 'random', running on GOLDEN.gateway.2wire.net
# Player 3: Player-2, 'random', running on GOLDEN.gateway.2wire.net
# Player 4: Player-3, 'random', running on GOLDEN.gateway.2wire.net
START Player-0 s260520039Player
START Player-1 random
START Player-2 random
START Player-3 random
0 (2,2) (3,3)
1 (12,0) (11,0)
2 (0,12) (1,11)
3 (13,13) (13,12)
0 (0,0) (2,2)
0 (2,2) (4,4)
0 null null
1 (15,3) (15,4)
2 (1,12) (0,12)
3 (13,14) (11,14)
3 (11,14) (13,14)
3 null null
GAMEOVER TIMEOUT Player-0
WINNER Player-1
# Game ended: Sat Apr 05 20:10:46 EDT 2014
