# Server version 0.08 running on 142.157.113.39:8123
# Game ID: 5
# Board class: halma.CCBoard
# Timeout: 1000
# Date: Tue Apr 01 12:17:39 EDT 2014
# Player 1: Player-0, 's260520039Player', running on 127.0.0.1
# Player 2: Player-1, 'Human', running on 142.157.113.39
# Player 3: Player-2, 'random', running on 142.157.113.39
# Player 4: Player-3, 'random', running on 142.157.113.39
START Player-0 s260520039Player
START Player-1 Human
START Player-2 random
START Player-3 random
0 (2,2) (3,3)
1 (13,2) (12,3)
2 (0,12) (2,12)
2 (2,12) (0,12)
2 (0,12) (2,12)
2 null null
3 (15,12) (13,12)
3 null null
0 (0,0) (2,2)
0 (2,2) (4,4)
GAMEOVER TIMEOUT Player-0
WINNER Player-1
# Game ended: Tue Apr 01 12:17:43 EDT 2014
