# Server version 0.08 running on GOLDEN.gateway.2wire.net:8123
# Game ID: 19
# Board class: halma.CCBoard
# Timeout: 300000
# Date: Sat Apr 05 19:54:00 EDT 2014
# Player 1: Player-0, 's260520039Player', running on 127.0.0.1
# Player 2: Player-1, 'random', running on GOLDEN.gateway.2wire.net
# Player 3: Player-2, 'random', running on GOLDEN.gateway.2wire.net
# Player 4: Player-3, 'random', running on GOLDEN.gateway.2wire.net
START Player-0 s260520039Player
START Player-1 random
START Player-2 random
START Player-3 random
0 (2,2) (3,3)
1 (14,2) (12,2)
1 null null
2 (2,15) (4,13)
2 null null
3 (13,14) (13,12)
3 (13,12) (13,14)
3 (13,14) (11,14)
3 null null
0 (0,0) (2,2)
0 (2,2) (4,4)
0 null null
1 (13,1) (14,2)
2 (1,12) (0,11)
3 (14,12) (13,12)
