# Server version 0.08 running on GOLDEN.gateway.2wire.net:8123
# Game ID: 26
# Board class: halma.CCBoard
# Timeout: 300000
# Date: Sun Apr 06 09:36:49 EDT 2014
# Player 1: Player-0, 'random', running on GOLDEN.gateway.2wire.net
# Player 2: Player-1, 'Human', running on GOLDEN.gateway.2wire.net
# Player 3: Player-2, 'Human', running on GOLDEN.gateway.2wire.net
# Player 4: Player-3, 'Human', running on GOLDEN.gateway.2wire.net
START Player-0 random
START Player-1 Human
START Player-2 Human
START Player-3 Human
0 (1,3) (0,4)
1 (13,2) (12,3)
2 (2,13) (3,12)
3 (13,13) (12,12)
0 (1,2) (3,2)
0 (3,2) (1,2)
0 null null
