# Server version 0.08 running on GOLDEN.gateway.2wire.net:8123
# Game ID: 58
# Board class: halma.CCBoard
# Timeout: 300000
# Date: Mon Apr 07 11:47:32 EDT 2014
# Player 1: Player-0, 's260520039Player', running on 127.0.0.1
# Player 2: Player-1, 's260520039Player', running on 127.0.0.1
# Player 3: Player-2, 'random', running on GOLDEN.gateway.2wire.net
# Player 4: Player-3, 'random', running on GOLDEN.gateway.2wire.net
START Player-0 s260520039Player
START Player-1 s260520039Player
START Player-2 random
START Player-3 random
0 (2,2) (3,3)
1 (13,2) (12,3)
2 (1,12) (2,11)
3 (15,12) (14,11)
0 (0,0) (2,2)
0 (2,2) (4,4)
0 null null
1 (15,0) (13,2)
1 (13,2) (11,4)
1 null null
2 (2,13) (2,12)
3 (14,12) (13,12)
