# Server version 0.08 running on GOLDEN.gateway.2wire.net:8123
# Game ID: 89
# Board class: halma.CCBoard
# Timeout: 300000
# Date: Mon Apr 07 13:55:06 EDT 2014
# Player 1: Player-0, 's260520039Player', running on 127.0.0.1
# Player 2: Player-1, 'random', running on GOLDEN.gateway.2wire.net
# Player 3: Player-2, 'Human', running on GOLDEN.gateway.2wire.net
# Player 4: Player-3, 'random', running on GOLDEN.gateway.2wire.net
START Player-0 s260520039Player
START Player-1 random
START Player-2 Human
START Player-3 random
0 (2,2) (3,3)
1 (12,0) (11,1)
2 (1,12) (2,12)
3 (14,12) (13,12)
0 (0,0) (2,2)
0 (2,2) (4,4)
0 null null
1 (11,1) (12,0)
2 (2,12) (3,12)
3 (12,14) (14,12)
3 null null
0 (4,4) (3,5)
1 (13,2) (12,3)
GAMEOVER DISCONNECTION Player-0
WINNER Player-1
# Game ended: Mon Apr 07 13:56:31 EDT 2014
