# Server version 0.08 running on 142.157.113.15:8123
# Game ID: 199
# Board class: halma.CCBoard
# Timeout: 1000
# Date: Tue Apr 08 12:16:33 EDT 2014
# Player 1: Player-0, 's260520039Player', running on 127.0.0.1
# Player 2: Player-1, 'Human', running on 142.157.113.15
# Player 3: Player-2, 'random', running on 142.157.113.15
# Player 4: Player-3, 'random', running on 142.157.113.15
START Player-0 s260520039Player
START Player-1 Human
START Player-2 random
START Player-3 random
0 (2,2) (3,3)
1 (13,2) (12,3)
2 (1,13) (1,11)
2 (1,11) (1,13)
2 (1,13) (3,13)
2 (3,13) (1,13)
2 (1,13) (1,11)
2 null null
3 (15,14) (13,12)
3 null null
0 (0,0) (2,2)
0 (2,2) (4,4)
0 null null
1 (12,3) (11,4)
2 (1,12) (1,10)
2 (1,10) (1,12)
2 null null
3 (13,13) (12,12)
0 (0,3) (2,3)
0 (2,3) (4,3)
0 (4,3) (4,5)
0 null null
1 (11,4) (10,5)
2 (0,13) (1,13)
3 (14,12) (13,11)
0 (3,1) (3,2)
