# Server version 0.08 running on GOLDEN.gateway.2wire.net:8123
# Game ID: 23
# Board class: halma.CCBoard
# Timeout: 300000
# Date: Sun Apr 06 09:24:59 EDT 2014
# Player 1: Player-0, 's260520039Player', running on 127.0.0.1
# Player 2: Player-1, 'random', running on GOLDEN.gateway.2wire.net
# Player 3: Player-2, 'random', running on GOLDEN.gateway.2wire.net
# Player 4: Player-3, 'random', running on GOLDEN.gateway.2wire.net
START Player-0 s260520039Player
START Player-1 random
START Player-2 random
START Player-3 random
0 (2,2) (3,3)
1 (14,3) (15,4)
2 (3,14) (3,13)
3 (13,13) (11,15)
3 (11,15) (13,13)
3 (13,13) (15,11)
3 null null
0 (0,0) (2,2)
0 (2,2) (4,4)
0 null null
1 (13,1) (11,1)
1 (11,1) (13,1)
1 (13,1) (11,1)
1 (11,1) (13,1)
1 (13,1) (11,1)
1 null null
2 (3,13) (4,14)
3 (13,15) (13,13)
3 null null
