# Server version 0.08 running on GOLDEN.gateway.2wire.net:8123
# Game ID: 115
# Board class: halma.CCBoard
# Timeout: 300000
# Date: Mon Apr 07 17:05:33 EDT 2014
# Player 1: Player-0, 's260520039Player', running on 127.0.0.1
# Player 2: Player-1, 'random', running on GOLDEN.gateway.2wire.net
# Player 3: Player-2, 'Human', running on GOLDEN.gateway.2wire.net
# Player 4: Player-3, 'random', running on GOLDEN.gateway.2wire.net
START Player-0 s260520039Player
START Player-1 random
START Player-2 Human
START Player-3 random
0 (2,2) (3,3)
1 (14,2) (14,4)
1 null null
2 (2,13) (3,12)
3 (12,15) (11,15)
0 (0,0) (2,2)
0 (2,2) (4,4)
0 null null
1 (13,1) (14,2)
2 (1,13) (2,13)
3 (13,14) (12,13)
0 (0,3) (2,3)
0 (2,3) (4,3)
0 (4,3) (4,5)
0 null null
1 (15,3) (13,1)
1 (13,1) (15,3)
1 (15,3) (13,3)
1 (13,3) (15,3)
1 (15,3) (13,1)
1 null null
2 (2,13) (4,11)
2 null null
3 (15,14) (13,14)
3 null null
0 (4,4) (5,4)
1 (14,4) (13,5)
GAMEOVER DISCONNECTION Player-0
WINNER Player-1
# Game ended: Mon Apr 07 17:06:13 EDT 2014
