# Server version 0.08 running on GOLDEN.gateway.2wire.net:8123
# Game ID: 94
# Board class: halma.CCBoard
# Timeout: 300000
# Date: Mon Apr 07 14:01:24 EDT 2014
# Player 1: Player-0, 's260520039Player', running on 127.0.0.1
# Player 2: Player-1, 'Human', running on GOLDEN.gateway.2wire.net
# Player 3: Player-2, 'random', running on GOLDEN.gateway.2wire.net
# Player 4: Player-3, 'random', running on GOLDEN.gateway.2wire.net
START Player-0 s260520039Player
START Player-1 Human
START Player-2 random
START Player-3 random
0 (2,2) (3,3)
1 (13,2) (12,3)
2 (1,12) (2,11)
3 (14,13) (12,13)
3 null null
0 (0,0) (2,2)
0 (2,2) (4,4)
0 null null
1 (14,2) (13,2)
2 (2,14) (4,14)
2 null null
3 (15,12) (13,12)
3 null null
0 (0,2) (0,0)
0 null null
1 (13,2) (13,3)
2 (3,15) (2,14)
3 (14,15) (14,13)
3 (14,13) (14,15)
3 (14,15) (14,13)
3 (14,13) (14,15)
3 (14,15) (14,13)
3 (14,13) (14,15)
3 (14,15) (14,13)
3 null null
0 (2,0) (2,2)
0 (2,2) (0,2)
0 (0,2) (2,0)
0 (2,0) (2,2)
0 (2,2) (0,2)
0 (0,2) (0,4)
0 null null
GAMEOVER DISCONNECTION Player-0
WINNER Player-1
# Game ended: Mon Apr 07 14:05:19 EDT 2014
