# Server version 0.08 running on GOLDEN.gateway.2wire.net:8123
# Game ID: 79
# Board class: halma.CCBoard
# Timeout: 300000
# Date: Mon Apr 07 13:33:51 EDT 2014
# Player 1: Player-0, 's260520039Player', running on 127.0.0.1
# Player 2: Player-1, 'random', running on GOLDEN.gateway.2wire.net
# Player 3: Player-2, 'random', running on GOLDEN.gateway.2wire.net
# Player 4: Player-3, 'random', running on GOLDEN.gateway.2wire.net
START Player-0 s260520039Player
START Player-1 random
START Player-2 random
START Player-3 random
0 (2,2) (3,3)
1 (12,1) (11,0)
2 (1,15) (3,13)
2 null null
3 (14,13) (14,11)
3 null null
0 (0,0) (2,2)
0 (2,2) (4,4)
0 null null
1 (15,1) (13,3)
1 null null
2 (0,12) (2,12)
2 (2,12) (0,12)
2 null null
3 (14,14) (14,13)
