# Server version 0.08 running on GOLDEN.gateway.2wire.net:8123
# Game ID: 59
# Board class: halma.CCBoard
# Timeout: 300000
# Date: Mon Apr 07 11:49:44 EDT 2014
# Player 1: Player-0, 's260520039Player', running on 127.0.0.1
# Player 2: Player-1, 's260520039Player', running on 127.0.0.1
# Player 3: Player-2, 'random', running on GOLDEN.gateway.2wire.net
# Player 4: Player-3, 'random', running on GOLDEN.gateway.2wire.net
START Player-0 s260520039Player
START Player-1 s260520039Player
START Player-2 random
START Player-3 random
0 (2,2) (3,3)
1 (13,2) (12,3)
2 (1,13) (1,11)
2 null null
3 (15,12) (13,12)
3 null null
0 (0,0) (2,2)
0 (2,2) (4,4)
0 null null
1 (15,0) (13,2)
1 (13,2) (11,4)
1 null null
2 (0,14) (1,13)
3 (14,13) (14,11)
3 null null
GAMEOVER DISCONNECTION Player-1
WINNER Player-0
# Game ended: Mon Apr 07 11:49:46 EDT 2014
