# Server version 0.08 running on 142.157.113.15:8123
# Game ID: 157
# Board class: halma.CCBoard
# Timeout: 10000
# Date: Tue Apr 08 10:46:12 EDT 2014
# Player 1: Player-0, 's260520039Player', running on 127.0.0.1
# Player 2: Player-1, 'random', running on 142.157.113.15
# Player 3: Player-2, 'random', running on 142.157.113.15
# Player 4: Player-3, 'random', running on 142.157.113.15
START Player-0 s260520039Player
START Player-1 random
START Player-2 random
START Player-3 random
0 (2,2) (3,3)
1 (12,1) (12,2)
2 (1,12) (2,11)
3 (12,15) (12,13)
3 (12,13) (12,15)
3 (12,15) (12,13)
3 null null
0 (0,0) (2,2)
0 (2,2) (4,4)
0 null null
1 (12,2) (12,3)
2 (3,14) (3,13)
3 (15,12) (14,11)
0 (0,3) (2,3)
0 (2,3) (4,3)
0 (4,3) (4,5)
0 null null
1 (12,0) (11,0)
2 (2,13) (1,12)
3 (12,13) (12,12)
0 (3,1) (3,2)
1 (15,3) (14,4)
2 (3,13) (4,12)
3 (14,15) (12,15)
3 (12,15) (12,13)
3 (12,13) (12,15)
3 (12,15) (12,13)
3 (12,13) (12,11)
3 null null
0 (3,2) (3,4)
0 (3,4) (5,4)
0 null null
1 (12,3) (11,4)
2 (2,14) (2,13)
3 (12,14) (12,13)
0 (0,1) (2,3)
0 (2,3) (4,3)
0 (4,3) (6,5)
0 null null
1 (11,4) (10,3)
2 (2,13) (3,12)
3 (14,13) (12,15)
3 null null
0 (1,0) (3,2)
0 null null
1 (14,3) (14,5)
1 (14,5) (14,3)
1 null null
2 (4,12) (4,11)
3 (14,12) (13,12)
0 (3,2) (3,4)
0 (3,4) (5,6)
0 null null
1 (14,2) (12,0)
1 (12,0) (10,0)
1 (10,0) (12,0)
1 (12,0) (14,2)
1 (14,2) (12,0)
1 (12,0) (10,0)
1 (10,0) (12,0)
1 null null
2 (2,11) (4,13)
2 (4,13) (2,11)
2 (2,11) (4,13)
2 null null
3 (13,14) (11,12)
3 (11,12) (13,10)
3 null null
0 (3,0) (1,0)
0 (1,0) (3,2)
0 null null
1 (14,4) (13,5)
2 (4,11) (4,10)
3 (12,11) (11,10)
0 (3,3) (2,4)
1 (14,1) (12,3)
1 (12,3) (14,1)
1 (14,1) (12,1)
1 (12,1) (14,1)
1 (14,1) (12,1)
1 null null
2 (1,14) (2,13)
3 (12,13) (12,11)
3 (12,11) (12,13)
3 (12,13) (12,11)
3 (12,11) (10,9)
3 (10,9) (12,11)
3 (12,11) (10,9)
3 (10,9) (12,11)
3 (12,11) (14,13)
3 (14,13) (14,15)
3 null null
0 (2,1) (0,1)
0 (0,1) (0,3)
0 (0,3) (2,1)
0 null null
1 (15,2) (15,3)
2 (3,15) (4,14)
3 (15,13) (14,13)
0 (2,1) (0,1)
0 (0,1) (0,3)
0 (0,3) (2,3)
0 (2,3) (0,1)
0 (0,1) (2,1)
0 (2,1) (0,3)
0 (0,3) (0,1)
0 null null
1 (15,1) (14,1)
2 (4,13) (4,15)
2 null null
3 (12,12) (14,12)
3 null null
0 (0,2) (0,0)
0 (0,0) (2,2)
0 (2,2) (0,2)
0 null null
1 (12,0) (14,2)
1 null null
2 (4,14) (3,13)
3 (14,12) (15,13)
0 (0,2) (0,0)
0 (0,0) (2,2)
0 (2,2) (4,2)
0 null null
1 (14,2) (13,3)
2 (3,13) (4,12)
3 (13,10) (13,11)
0 (4,2) (5,1)
1 (11,0) (10,1)
2 (4,10) (5,11)
3 (13,15) (11,15)
3 (11,15) (13,15)
3 (13,15) (11,15)
3 null null
0 (2,4) (0,2)
0 (0,2) (0,0)
0 (0,0) (2,2)
0 null null
1 (13,0) (15,2)
1 null null
2 (4,12) (3,13)
3 (15,14) (13,14)
3 null null
0 (2,0) (0,2)
0 null null
1 (15,2) (15,1)
2 (3,12) (3,14)
2 (3,14) (3,12)
2 null null
3 (11,15) (11,14)
0 (1,1) (3,3)
0 (3,3) (5,5)
0 (5,5) (5,7)
0 null null
1 (10,1) (10,0)
2 (5,11) (4,10)
3 (14,15) (15,14)
0 (1,3) (1,1)
0 (1,1) (3,3)
0 (3,3) (3,1)
0 (3,1) (1,3)
0 (1,3) (1,1)
0 (1,1) (3,3)
0 (3,3) (5,5)
0 (5,5) (5,3)
0 (5,3) (3,5)
0 (3,5) (5,5)
0 (5,5) (5,3)
0 null null
1 (13,1) (11,1)
1 null null
2 (3,12) (2,12)
3 (13,14) (14,15)
0 (4,4) (4,6)
0 (4,6) (6,8)
0 null null
1 (14,1) (12,3)
1 null null
2 (2,13) (1,14)
3 (13,12) (12,11)
0 (2,2) (4,2)
0 (4,2) (6,4)
0 (6,4) (4,4)
0 null null
1 (11,1) (10,1)
2 (2,15) (2,14)
3 (13,13) (13,12)
0 (0,2) (2,2)
0 (2,2) (4,2)
0 (4,2) (6,4)
0 (6,4) (6,6)
0 null null
1 (10,3) (9,2)
2 (0,13) (2,11)
2 (2,11) (2,13)
2 (2,13) (4,13)
2 null null
3 (14,11) (14,10)
0 (5,6) (5,8)
0 null null
1 (12,3) (12,4)
2 (2,12) (4,14)
2 null null
3 (13,12) (14,11)
0 (5,3) (3,5)
0 null null
1 (10,0) (11,1)
2 (1,13) (3,15)
2 (3,15) (5,13)
2 null null
3 (14,10) (14,9)
0 (3,5) (5,5)
0 (5,5) (5,3)
0 null null
1 (12,4) (11,3)
2 (3,13) (5,15)
2 (5,15) (3,15)
2 (3,15) (1,13)
2 (1,13) (1,11)
2 (1,11) (1,13)
2 (1,13) (3,15)
2 (3,15) (5,15)
2 (5,15) (3,13)
2 (3,13) (5,15)
2 (5,15) (3,13)
2 null null
3 (14,9) (15,9)
0 (5,3) (3,5)
0 (3,5) (5,5)
0 null null
1 (11,3) (12,3)
2 (3,13) (2,12)
3 (11,14) (12,13)
0 (6,8) (5,9)
1 (14,0) (13,1)
2 (4,10) (3,9)
3 (11,10) (10,10)
0 (6,6) (4,8)
0 null null
1 (12,3) (12,4)
2 (1,12) (0,13)
3 (14,11) (15,11)
0 (4,4) (4,6)
0 (4,6) (6,4)
0 null null
1 (12,4) (12,5)
2 (2,12) (2,13)
3 (15,9) (14,8)
0 (5,5) (5,3)
0 null null
1 (9,2) (10,2)
2 (2,13) (1,13)
3 (12,13) (11,12)
0 (5,7) (6,8)
1 (15,1) (14,1)
2 (4,14) (3,14)
3 (14,8) (13,8)
0 (4,5) (5,5)
1 (13,1) (12,0)
2 (5,13) (4,14)
3 (13,11) (14,10)
0 (5,9) (5,7)
0 null null
1 (15,3) (15,4)
2 (4,15) (5,14)
3 (10,10) (9,9)
0 (5,1) (4,1)
1 (14,1) (14,2)
2 (1,13) (1,12)
3 (14,15) (13,14)
0 (0,1) (2,3)
0 null null
1 (13,2) (13,4)
1 null null
2 (4,13) (4,12)
3 (13,14) (13,13)
0 (5,8) (6,7)
1 (12,1) (11,0)
2 (3,9) (2,8)
3 (11,12) (10,12)
GAMEOVER DISCONNECTION Player-0
WINNER Player-1
# Game ended: Tue Apr 08 10:46:30 EDT 2014
