# Server version 0.08 running on GOLDEN.gateway.2wire.net:8123
# Game ID: 104
# Board class: halma.CCBoard
# Timeout: 300000
# Date: Mon Apr 07 16:39:31 EDT 2014
# Player 1: Player-0, 'Human', running on GOLDEN.gateway.2wire.net
# Player 2: Player-1, 'random', running on GOLDEN.gateway.2wire.net
# Player 3: Player-2, 'random', running on GOLDEN.gateway.2wire.net
# Player 4: Player-3, 'random', running on GOLDEN.gateway.2wire.net
START Player-0 Human
START Player-1 random
START Player-2 random
START Player-3 random
0 (2,2) (3,3)
1 (14,3) (14,4)
2 (0,12) (2,12)
2 null null
3 (12,14) (11,15)
0 (0,0) (2,2)
0 (2,2) (4,4)
0 null null
1 (15,3) (14,3)
2 (1,13) (0,12)
3 (14,12) (13,12)
0 (0,3) (2,3)
0 (2,3) (4,3)
0 (4,3) (4,5)
0 null null
1 (13,2) (12,2)
2 (2,14) (4,14)
2 (4,14) (2,14)
2 (2,14) (4,14)
2 null null
3 (15,13) (15,11)
3 null null
