# Server version 0.08 running on 142.157.113.143:8123
# Game ID: 200
# Board class: halma.CCBoard
# Timeout: 1000
# Date: Tue Apr 08 16:16:07 EDT 2014
# Player 1: Player-0, 's260520039Player', running on 127.0.0.1
# Player 2: Player-1, 'random', running on 142.157.113.143
# Player 3: Player-2, 'random', running on 142.157.113.143
# Player 4: Player-3, 'random', running on 142.157.113.143
START Player-0 s260520039Player
START Player-1 random
START Player-2 random
START Player-3 random
0 (2,2) (3,3)
1 (13,2) (12,2)
2 (1,12) (2,11)
3 (13,15) (11,13)
3 null null
0 (0,0) (2,2)
0 (2,2) (4,4)
0 null null
1 (14,1) (13,2)
2 (2,11) (1,10)
3 (11,13) (13,15)
3 (13,15) (11,15)
3 null null
0 (0,3) (2,3)
0 (2,3) (4,3)
0 (4,3) (4,5)
0 null null
1 (12,2) (12,3)
2 (2,13) (4,15)
2 null null
3 (14,14) (13,15)
0 (3,1) (3,2)
1 (14,0) (12,2)
1 (12,2) (14,0)
1 null null
2 (1,10) (0,9)
3 (13,15) (14,14)
0 (3,2) (3,4)
0 (3,4) (5,4)
0 null null
1 (14,2) (13,3)
2 (0,12) (1,12)
3 (13,14) (12,13)
GAMEOVER TIMEOUT Player-0
WINNER Player-1
# Game ended: Tue Apr 08 16:16:09 EDT 2014
