# Server version 0.08 running on GOLDEN.gateway.2wire.net:8123
# Game ID: 15
# Board class: halma.CCBoard
# Timeout: 300000
# Date: Sat Apr 05 19:40:46 EDT 2014
# Player 1: Player-0, 's260520039Player', running on 127.0.0.1
# Player 2: Player-1, 'random', running on GOLDEN.gateway.2wire.net
# Player 3: Player-2, 'random', running on GOLDEN.gateway.2wire.net
# Player 4: Player-3, 'random', running on GOLDEN.gateway.2wire.net
START Player-0 s260520039Player
START Player-1 random
START Player-2 random
START Player-3 random
0 (2,2) (3,3)
1 (14,2) (13,3)
2 (3,14) (3,13)
3 (12,14) (11,13)
0 (0,0) (2,2)
0 (2,2) (4,4)
0 null null
1 (15,3) (15,4)
2 (3,15) (4,15)
3 (12,15) (12,14)
GAMEOVER ILLEGAL MOVE: Player 0 move from (C,3) to (D,4)
WINNER Player-1
# Game ended: Sat Apr 05 19:40:47 EDT 2014
