# Server version 0.08 running on GOLDEN.gateway.2wire.net:8123
# Game ID: 121
# Board class: halma.CCBoard
# Timeout: 300000
# Date: Mon Apr 07 18:18:45 EDT 2014
# Player 1: Player-0, 'random', running on GOLDEN.gateway.2wire.net
# Player 2: Player-1, 'random', running on GOLDEN.gateway.2wire.net
# Player 3: Player-2, 'random', running on GOLDEN.gateway.2wire.net
# Player 4: Player-3, 'random', running on GOLDEN.gateway.2wire.net
START Player-0 random
START Player-1 random
START Player-2 random
START Player-3 random
0 (2,1) (2,3)
0 null null
1 (15,3) (13,3)
1 (13,3) (15,3)
1 null null
2 (0,12) (1,11)
3 (15,12) (13,12)
3 (13,12) (15,12)
3 (15,12) (13,12)
3 (13,12) (15,12)
3 null null
0 (0,3) (1,4)
1 (13,1) (12,2)
2 (2,14) (4,14)
2 (4,14) (2,14)
2 (2,14) (0,12)
2 (0,12) (2,12)
2 (2,12) (2,14)
2 (2,14) (0,12)
2 (0,12) (2,14)
2 (2,14) (2,12)
2 (2,12) (0,12)
2 (0,12) (2,14)
2 (2,14) (2,12)
2 (2,12) (0,12)
2 (0,12) (2,12)
2 (2,12) (2,14)
2 (2,14) (4,14)
2 null null
3 (13,14) (11,14)
3 null null
0 (2,0) (4,0)
0 null null
1 (14,3) (13,4)
2 (1,12) (2,11)
3 (14,12) (15,11)
0 (0,0) (2,0)
0 (2,0) (0,0)
0 null null
1 (13,2) (14,3)
2 (3,14) (3,13)
3 (14,13) (13,12)
0 (2,3) (3,3)
1 (13,0) (13,1)
2 (2,11) (3,12)
3 (13,13) (14,13)
0 (0,1) (0,3)
0 (0,3) (2,3)
0 (2,3) (0,3)
0 (0,3) (2,1)
0 null null
1 (12,2) (11,2)
2 (3,12) (2,12)
3 (14,14) (13,14)
0 (4,0) (5,1)
1 (12,0) (11,1)
2 (2,12) (2,14)
2 (2,14) (2,12)
2 (2,12) (2,14)
2 (2,14) (4,12)
2 (4,12) (2,14)
2 (2,14) (2,12)
2 (2,12) (0,10)
2 null null
3 (14,13) (14,14)
0 (1,1) (2,0)
1 (11,1) (11,0)
2 (1,13) (2,14)
3 (15,12) (15,10)
3 null null
0 (2,2) (1,1)
1 (14,1) (13,0)
2 (2,13) (3,14)
3 (15,13) (14,13)
0 (1,4) (1,5)
1 (14,2) (12,0)
1 (12,0) (14,2)
1 (14,2) (12,0)
1 null null
2 (0,10) (1,9)
3 (15,15) (15,13)
3 (15,13) (13,13)
3 null null
0 (1,3) (0,4)
1 (13,4) (13,5)
2 (0,13) (1,13)
3 (11,14) (11,13)
0 (3,1) (4,1)
1 (15,1) (14,2)
2 (1,9) (2,10)
3 (14,13) (12,11)
3 (12,11) (14,13)
3 (14,13) (12,13)
3 (12,13) (10,13)
3 null null
0 (0,2) (0,1)
1 (13,5) (14,6)
2 (1,13) (1,12)
3 (13,13) (14,13)
0 (5,1) (6,2)
1 (14,3) (13,3)
2 (1,11) (2,12)
3 (13,12) (12,11)
0 (1,1) (3,1)
0 (3,1) (1,1)
0 null null
1 (14,2) (13,2)
2 (3,14) (5,14)
2 (5,14) (3,14)
2 (3,14) (3,12)
2 null null
3 (15,10) (14,10)
0 (0,4) (1,3)
1 (15,2) (14,1)
2 (4,14) (5,14)
3 (14,13) (14,12)
0 (3,3) (2,2)
1 (11,2) (10,3)
2 (3,12) (3,14)
2 (3,14) (3,12)
2 (3,12) (3,14)
2 (3,14) (3,12)
2 (3,12) (3,14)
2 null null
3 (12,11) (13,10)
0 (2,1) (2,3)
0 (2,3) (0,3)
0 (0,3) (2,3)
0 (2,3) (0,3)
0 (0,3) (2,1)
0 null null
1 (14,6) (13,6)
2 (1,12) (0,12)
3 (11,13) (12,12)
0 (6,2) (5,3)
1 (13,3) (12,2)
2 (2,14) (1,13)
3 (12,12) (11,12)
0 (2,2) (3,3)
1 (15,3) (14,2)
2 (1,13) (0,13)
3 (14,15) (14,13)
3 (14,13) (14,15)
3 null null
0 (3,3) (4,2)
1 (12,1) (14,3)
1 (14,3) (12,1)
1 null null
2 (5,14) (4,13)
3 (14,12) (14,11)
0 (5,3) (6,2)
1 (13,2) (15,2)
1 (15,2) (13,2)
1 (13,2) (11,2)
1 (11,2) (13,2)
1 null null
2 (3,14) (2,14)
3 (15,11) (13,9)
3 (13,9) (15,11)
3 (15,11) (13,9)
3 null null
0 (2,0) (3,1)
1 (13,6) (12,7)
2 (1,14) (2,13)
3 (13,14) (13,13)
0 (1,2) (2,3)
1 (14,2) (13,3)
2 (0,12) (1,11)
3 (12,14) (11,14)
0 (2,1) (3,2)
1 (13,2) (14,3)
2 (4,13) (3,14)
3 (11,12) (10,12)
0 (1,1) (0,2)
1 (10,3) (11,3)
2 (2,10) (1,10)
3 (10,12) (9,13)
0 (6,2) (7,1)
1 (13,0) (13,2)
1 (13,2) (15,4)
1 null null
2 (1,10) (2,9)
3 (14,14) (13,14)
0 (0,2) (1,1)
1 (13,3) (11,1)
1 null null
2 (3,14) (1,14)
2 (1,14) (3,14)
2 null null
3 (13,15) (11,15)
3 (11,15) (11,13)
3 null null
0 (4,2) (2,2)
0 null null
1 (14,3) (13,4)
2 (1,11) (2,11)
3 (13,13) (13,15)
3 (13,15) (11,15)
3 null null
0 (3,2) (1,2)
0 (1,2) (3,2)
0 null null
1 (11,1) (13,3)
1 (13,3) (13,5)
1 (13,5) (13,3)
1 (13,3) (13,5)
1 null null
2 (0,13) (1,14)
3 (14,11) (15,11)
0 (4,1) (5,1)
1 (12,0) (14,2)
1 (14,2) (12,0)
1 null null
2 (2,11) (2,10)
3 (11,15) (13,15)
3 null null
0 (2,2) (0,4)
0 null null
1 (11,0) (13,0)
1 (13,0) (15,2)
1 null null
2 (2,10) (2,8)
2 null null
3 (10,13) (12,13)
3 (12,13) (10,15)
3 null null
0 (3,2) (2,1)
1 (15,2) (14,2)
2 (2,9) (1,9)
3 (11,13) (11,12)
0 (1,3) (1,4)
1 (12,7) (13,8)
2 (3,13) (3,12)
3 (13,10) (12,9)
0 (3,1) (4,0)
1 (11,3) (10,4)
2 (2,13) (3,13)
3 (9,13) (9,12)
0 (7,1) (8,1)
1 (12,0) (11,1)
2 (1,9) (2,10)
3 (15,11) (15,12)
0 (1,1) (2,0)
1 (13,1) (13,2)
2 (3,12) (4,13)
3 (13,15) (12,14)
0 (0,4) (2,4)
0 (2,4) (0,6)
0 (0,6) (2,4)
0 (2,4) (0,4)
0 (0,4) (2,4)
0 null null
1 (13,5) (14,4)
2 (2,10) (3,11)
3 (9,12) (8,11)
0 (2,4) (0,6)
0 null null
1 (12,2) (13,3)
2 (0,14) (1,13)
3 (12,15) (14,13)
3 null null
0 (4,0) (4,1)
1 (14,1) (13,1)
2 (1,13) (0,12)
3 (14,15) (14,14)
0 (3,0) (5,2)
0 (5,2) (3,0)
0 (3,0) (1,2)
0 (1,2) (3,0)
0 null null
1 (13,3) (14,3)
2 (2,12) (2,13)
3 (13,9) (13,10)
0 (3,0) (1,2)
0 null null
1 (14,0) (13,0)
2 (1,15) (0,14)
3 (14,14) (15,15)
0 (1,5) (2,4)
1 (10,4) (9,5)
2 (2,13) (3,12)
3 (11,14) (12,13)
0 (0,6) (1,7)
1 (14,2) (15,2)
2 (0,15) (0,13)
2 null null
3 (12,14) (12,15)
0 (2,3) (2,2)
1 (14,4) (14,5)
2 (3,11) (4,12)
3 (14,10) (13,9)
0 (1,4) (0,5)
1 (14,5) (14,6)
2 (0,12) (0,11)
3 (13,14) (13,13)
0 (0,5) (0,6)
1 (13,1) (14,2)
2 (4,13) (2,11)
2 (2,11) (4,13)
2 (4,13) (4,11)
2 null null
3 (13,10) (12,10)
0 (2,4) (1,4)
1 (15,4) (14,4)
2 (3,15) (4,15)
3 (12,9) (13,10)
0 (0,6) (1,5)
1 (13,2) (14,1)
2 (4,11) (2,13)
2 null null
3 (13,13) (14,12)
0 (1,7) (2,7)
1 (11,1) (10,1)
2 (2,13) (4,11)
2 (4,11) (4,13)
2 (4,13) (4,11)
2 (4,11) (2,13)
2 (2,13) (0,15)
2 (0,15) (2,13)
2 (2,13) (4,13)
2 null null
3 (10,15) (11,15)
0 (8,1) (7,0)
1 (9,5) (8,5)
2 (0,14) (0,15)
3 (15,15) (14,14)
0 (2,2) (3,2)
1 (12,1) (13,1)
2 (4,12) (4,11)
3 (13,9) (11,11)
3 null null
0 (1,5) (0,4)
1 (15,0) (14,0)
2 (4,15) (3,15)
3 (11,11) (11,13)
3 (11,13) (11,11)
3 (11,11) (11,13)
3 (11,13) (11,11)
3 (11,11) (13,9)
3 (13,9) (13,11)
3 (13,11) (15,13)
3 (15,13) (15,15)
3 (15,15) (15,13)
3 (15,13) (13,13)
3 null null
0 (3,2) (2,3)
1 (13,4) (12,4)
2 (2,15) (4,15)
2 null null
3 (13,10) (14,11)
0 (1,0) (1,1)
1 (14,6) (15,6)
2 (3,15) (1,13)
2 (1,13) (1,15)
2 (1,15) (1,13)
2 null null
3 (11,15) (10,15)
0 (4,1) (5,0)
1 (8,5) (8,6)
2 (3,14) (3,15)
3 (14,14) (13,15)
0 (1,1) (2,2)
1 (14,2) (15,3)
2 (2,8) (1,9)
3 (12,15) (13,14)
0 (5,1) (4,2)
1 (14,4) (13,5)
2 (1,13) (0,14)
3 (13,13) (14,14)
0 (4,2) (5,2)
1 (15,2) (15,4)
1 (15,4) (15,2)
1 null null
2 (4,13) (5,13)
3 (10,15) (11,14)
0 (1,4) (0,5)
1 (10,1) (9,0)
2 (1,9) (2,9)
3 (11,12) (10,11)
0 (2,1) (3,2)
1 (14,1) (14,2)
2 (2,14) (1,13)
3 (14,12) (15,13)
0 (0,4) (1,4)
1 (15,2) (13,4)
1 (13,4) (15,2)
1 (15,2) (13,2)
1 null null
2 (0,13) (2,13)
2 (2,13) (4,13)
2 (4,13) (6,13)
2 (6,13) (4,13)
2 (4,13) (2,11)
2 null null
3 (14,11) (14,10)
0 (7,0) (7,1)
1 (13,8) (12,9)
2 (2,11) (2,12)
3 (10,11) (10,12)
0 (0,0) (0,2)
0 null null
1 (13,2) (15,4)
1 (15,4) (15,2)
1 (15,2) (13,4)
1 (13,4) (11,4)
1 null null
2 (3,13) (3,14)
3 (8,11) (9,10)
0 (5,2) (4,3)
1 (12,9) (12,11)
1 null null
2 (2,9) (3,9)
3 (12,10) (13,10)
0 (2,7) (1,6)
1 (11,4) (12,3)
2 (5,13) (5,12)
3 (10,12) (11,13)
0 (2,3) (1,3)
1 (12,11) (12,10)
2 (1,14) (2,15)
3 (11,14) (10,13)
0 (0,5) (0,4)
1 (12,10) (13,11)
2 (0,11) (0,12)
3 (15,13) (13,13)
3 (13,13) (15,13)
3 null null
0 (0,1) (0,3)
0 (0,3) (2,5)
0 null null
1 (9,0) (9,1)
2 (2,12) (2,13)
3 (14,10) (14,9)
0 (1,2) (2,1)
1 (13,11) (14,11)
2 (3,12) (4,13)
3 (14,9) (13,8)
0 (1,3) (1,2)
1 (13,5) (14,4)
2 (0,12) (2,14)
2 null null
3 (13,8) (12,9)
0 (1,6) (3,4)
0 null null
1 (8,6) (8,7)
2 (4,13) (3,13)
3 (14,14) (14,12)
3 (14,12) (14,14)
3 (14,14) (12,14)
3 null null
0 (0,2) (1,1)
1 (14,3) (13,2)
2 (2,14) (2,12)
2 (2,12) (4,14)
2 (4,14) (2,12)
2 (2,12) (2,14)
2 null null
3 (13,14) (14,14)
0 (1,1) (0,2)
1 (13,2) (11,4)
1 null null
2 (1,13) (2,12)
3 (12,13) (12,15)
3 (12,15) (12,13)
3 (12,13) (12,15)
3 null null
0 (2,5) (1,6)
1 (12,4) (13,4)
2 (3,9) (4,8)
3 (12,9) (12,10)
0 (4,3) (5,3)
1 (14,2) (13,2)
2 (2,14) (1,15)
3 (11,13) (12,13)
0 (2,1) (1,1)
1 (14,11) (14,12)
2 (5,12) (6,12)
3 (10,13) (9,12)
0 (3,4) (4,3)
1 (13,4) (14,3)
2 (4,8) (5,8)
3 (13,15) (11,15)
3 (11,15) (13,15)
3 (13,15) (11,13)
3 null null
0 (1,2) (0,3)
1 (11,4) (10,3)
2 (3,14) (3,12)
2 (3,12) (1,14)
2 (1,14) (3,12)
2 (3,12) (5,10)
2 null null
3 (14,13) (14,15)
3 (14,15) (14,13)
3 null null
0 (5,3) (6,4)
1 (14,3) (13,3)
2 (3,13) (1,13)
2 null null
3 (11,13) (10,13)
0 (4,3) (3,4)
1 (8,7) (8,6)
2 (5,8) (4,9)
3 (12,10) (14,10)
3 (14,10) (12,10)
3 (12,10) (14,10)
3 null null
0 (6,4) (5,5)
1 (14,12) (14,11)
2 (2,12) (1,11)
3 (9,10) (8,11)
0 (0,3) (0,1)
0 (0,1) (2,1)
0 null null
1 (14,0) (12,2)
1 (12,2) (14,0)
1 (14,0) (12,0)
1 (12,0) (14,2)
1 (14,2) (12,2)
1 (12,2) (12,4)
1 (12,4) (12,2)
1 null null
2 (2,15) (1,14)
3 (15,14) (13,14)
3 (13,14) (11,12)
3 (11,12) (13,14)
3 (13,14) (15,14)
3 (15,14) (13,12)
3 (13,12) (11,14)
3 (11,14) (13,12)
3 (13,12) (15,10)
3 null null
0 (5,5) (6,4)
1 (14,11) (13,12)
2 (4,9) (4,8)
3 (14,14) (13,14)
0 (2,1) (1,2)
1 (12,2) (11,2)
2 (1,14) (2,14)
3 (12,13) (14,15)
3 (14,15) (12,13)
3 (12,13) (14,11)
3 (14,11) (12,13)
3 (12,13) (14,15)
3 null null
0 (1,2) (0,1)
1 (8,6) (8,5)
2 (2,14) (3,14)
3 (13,10) (14,11)
0 (7,1) (8,0)
1 (14,4) (13,5)
2 (1,11) (2,11)
3 (14,13) (14,12)
0 (3,4) (4,5)
1 (13,0) (12,1)
2 (4,8) (5,9)
3 (14,10) (13,9)
0 (2,2) (3,1)
1 (13,1) (13,0)
2 (0,14) (1,14)
3 (15,13) (14,13)
0 (3,2) (2,2)
1 (12,3) (14,1)
1 null null
2 (2,11) (1,11)
3 (10,13) (10,14)
0 (2,0) (4,2)
0 (4,2) (2,0)
0 (2,0) (4,2)
0 null null
1 (13,5) (14,5)
2 (6,12) (6,13)
3 (13,14) (11,14)
3 (11,14) (13,14)
3 (13,14) (11,14)
3 (11,14) (13,14)
3 (13,14) (11,14)
3 (11,14) (13,14)
3 null null
0 (0,1) (1,2)
1 (8,5) (9,5)
2 (2,13) (3,13)
3 (15,12) (13,10)
3 (13,10) (15,12)
3 null null
0 (2,2) (3,2)
1 (11,2) (11,1)
2 (5,10) (5,11)
3 (9,12) (10,11)
0 (4,2) (3,3)
1 (12,1) (10,1)
1 null null
2 (6,13) (5,12)
3 (12,15) (11,15)
0 (1,1) (0,1)
1 (14,5) (15,5)
2 (5,9) (6,10)
3 (8,11) (7,10)
0 (6,4) (7,3)
1 (11,1) (11,2)
2 (1,13) (1,12)
3 (14,12) (13,11)
0 (8,0) (8,1)
1 (11,2) (12,2)
2 (1,14) (1,13)
3 (12,14) (12,15)
0 (8,1) (7,2)
1 (9,5) (8,4)
2 (1,15) (2,15)
3 (14,11) (14,12)
0 (7,2) (8,3)
1 (14,1) (13,1)
2 (5,12) (6,13)
3 (15,12) (14,11)
0 (4,5) (3,5)
1 (15,3) (14,2)
2 (1,12) (0,13)
3 (14,13) (13,13)
0 (0,1) (2,3)
GAMEOVER 
WINNER Player-1
# Game ended: Mon Apr 07 18:18:49 EDT 2014
