# Server version 0.08 running on 142.157.113.39:8123
# Game ID: 6
# Board class: halma.CCBoard
# Timeout: 1000
# Date: Tue Apr 01 12:19:47 EDT 2014
# Player 1: Player-0, 's260520039Player', running on 127.0.0.1
# Player 2: Player-1, 'random', running on 142.157.113.39
# Player 3: Player-2, 'random', running on 142.157.113.39
# Player 4: Player-3, 'Human', running on 142.157.113.39
START Player-0 s260520039Player
START Player-1 random
START Player-2 random
START Player-3 Human
0 (2,2) (3,3)
1 (14,2) (12,2)
1 (12,2) (14,2)
1 (14,2) (12,2)
1 null null
2 (0,13) (2,11)
2 (2,11) (0,13)
2 null null
3 (13,13) (12,12)
0 (0,0) (2,2)
0 (2,2) (4,4)
0 null null
1 (14,0) (14,2)
1 null null
2 (2,13) (2,12)
3 (13,14) (13,13)
GAMEOVER TIMEOUT Player-0
WINNER Player-1
# Game ended: Tue Apr 01 12:19:55 EDT 2014
