# Server version 0.08 running on 142.157.79.122:8123
# Game ID: 7
# Board class: halma.CCBoard
# Timeout: 1000
# Date: Wed Apr 02 13:10:38 EDT 2014
# Player 1: Player-0, 's260520039Player', running on 127.0.0.1
# Player 2: Player-1, 'random', running on 142.157.79.122
# Player 3: Player-2, 'random', running on 142.157.79.122
# Player 4: Player-3, 'Human', running on 142.157.79.122
START Player-0 s260520039Player
START Player-1 random
START Player-2 random
START Player-3 Human
0 (2,2) (3,3)
1 (15,2) (15,4)
1 (15,4) (15,2)
1 (15,2) (13,4)
1 (13,4) (15,2)
1 (15,2) (15,4)
1 (15,4) (15,2)
1 null null
2 (2,13) (4,15)
2 null null
3 (13,13) (12,12)
0 (0,0) (2,2)
0 (2,2) (4,4)
0 null null
1 (15,1) (13,3)
1 null null
2 (2,15) (4,13)
2 null null
3 (13,14) (13,13)
GAMEOVER TIMEOUT Player-0
WINNER Player-1
# Game ended: Wed Apr 02 13:10:47 EDT 2014
